<?xml version="1.0" encoding="UTF-8"?>
<testng-results skipped="0" failed="1" ignored="0" total="3" passed="2">
  <reporter-output>
  </reporter-output>
  <suite name="Default suite" duration-ms="27988" started-at="2020-08-20T22:11:15 PDT" finished-at="2020-08-20T22:11:43 PDT">
    <groups>
    </groups>
    <test name="Default test" duration-ms="27988" started-at="2020-08-20T22:11:15 PDT" finished-at="2020-08-20T22:11:43 PDT">
      <class name="homewoks.DataProviderrangeHRM">
        <test-method status="PASS" signature="loginToOrangeHRM(java.lang.String, java.lang.String)[pri:0, instance:homewoks.DataProviderrangeHRM@51cdd8a]" name="loginToOrangeHRM" duration-ms="8976" started-at="2020-08-20T22:11:15 PDT" data-provider="OranageHRMlogin" finished-at="2020-08-20T22:11:24 PDT">
          <params>
            <param index="0">
              <value>
                <![CDATA[username1]]>
              </value>
            </param>
            <param index="1">
              <value>
                <![CDATA[passwd1]]>
              </value>
            </param>
          </params>
          <reporter-output>
          </reporter-output>
        </test-method> <!-- loginToOrangeHRM -->
        <test-method status="PASS" signature="tearDown()[pri:0, instance:homewoks.DataProviderrangeHRM@51cdd8a]" name="tearDown" is-config="true" duration-ms="818" started-at="2020-08-20T22:11:24 PDT" finished-at="2020-08-20T22:11:24 PDT">
          <reporter-output>
          </reporter-output>
        </test-method> <!-- tearDown -->
        <test-method status="PASS" signature="loginToOrangeHRM(java.lang.String, java.lang.String)[pri:0, instance:homewoks.DataProviderrangeHRM@51cdd8a]" name="loginToOrangeHRM" duration-ms="9035" started-at="2020-08-20T22:11:24 PDT" data-provider="OranageHRMlogin" finished-at="2020-08-20T22:11:33 PDT">
          <params>
            <param index="0">
              <value>
                <![CDATA[username2]]>
              </value>
            </param>
            <param index="1">
              <value>
                <![CDATA[passwd3]]>
              </value>
            </param>
          </params>
          <reporter-output>
          </reporter-output>
        </test-method> <!-- loginToOrangeHRM -->
        <test-method status="PASS" signature="tearDown()[pri:0, instance:homewoks.DataProviderrangeHRM@51cdd8a]" name="tearDown" is-config="true" duration-ms="680" started-at="2020-08-20T22:11:33 PDT" finished-at="2020-08-20T22:11:34 PDT">
          <reporter-output>
          </reporter-output>
        </test-method> <!-- tearDown -->
        <test-method status="FAIL" signature="loginToOrangeHRM(java.lang.String, java.lang.String)[pri:0, instance:homewoks.DataProviderrangeHRM@51cdd8a]" name="loginToOrangeHRM" duration-ms="7734" started-at="2020-08-20T22:11:34 PDT" data-provider="OranageHRMlogin" finished-at="2020-08-20T22:11:42 PDT">
          <params>
            <param index="0">
              <value>
                <![CDATA[username3]]>
              </value>
            </param>
            <param index="1">
              <value is-null="true"/>
            </param>
          </params>
          <exception class="java.lang.IllegalArgumentException">
            <message>
              <![CDATA[Keys to send should be a not null CharSequence]]>
            </message>
            <full-stacktrace>
              <![CDATA[java.lang.IllegalArgumentException: Keys to send should be a not null CharSequence
at org.openqa.selenium.remote.RemoteWebElement.sendKeys(RemoteWebElement.java:97)
at homewoks.DataProviderrangeHRM.loginToOrangeHRM(DataProviderrangeHRM.java:25)
at sun.reflect.NativeMethodAccessorImpl.invoke0(Native Method)
at sun.reflect.NativeMethodAccessorImpl.invoke(Unknown Source)
at sun.reflect.DelegatingMethodAccessorImpl.invoke(Unknown Source)
at java.lang.reflect.Method.invoke(Unknown Source)
at org.testng.internal.MethodInvocationHelper.invokeMethod(MethodInvocationHelper.java:132)
at org.testng.internal.TestInvoker.invokeMethod(TestInvoker.java:599)
at org.testng.internal.TestInvoker.invokeTestMethod(TestInvoker.java:174)
at org.testng.internal.MethodRunner.runInSequence(MethodRunner.java:46)
at org.testng.internal.TestInvoker$MethodInvocationAgent.invoke(TestInvoker.java:822)
at org.testng.internal.TestInvoker.invokeTestMethods(TestInvoker.java:147)
at org.testng.internal.TestMethodWorker.invokeTestMethods(TestMethodWorker.java:146)
at org.testng.internal.TestMethodWorker.run(TestMethodWorker.java:128)
at java.util.ArrayList.forEach(Unknown Source)
at org.testng.TestRunner.privateRun(TestRunner.java:764)
at org.testng.TestRunner.run(TestRunner.java:585)
at org.testng.SuiteRunner.runTest(SuiteRunner.java:384)
at org.testng.SuiteRunner.runSequentially(SuiteRunner.java:378)
at org.testng.SuiteRunner.privateRun(SuiteRunner.java:337)
at org.testng.SuiteRunner.run(SuiteRunner.java:286)
at org.testng.SuiteRunnerWorker.runSuite(SuiteRunnerWorker.java:53)
at org.testng.SuiteRunnerWorker.run(SuiteRunnerWorker.java:96)
at org.testng.TestNG.runSuitesSequentially(TestNG.java:1218)
at org.testng.TestNG.runSuitesLocally(TestNG.java:1140)
at org.testng.TestNG.runSuites(TestNG.java:1069)
at org.testng.TestNG.run(TestNG.java:1037)
at org.testng.remote.AbstractRemoteTestNG.run(AbstractRemoteTestNG.java:115)
at org.testng.remote.RemoteTestNG.initAndRun(RemoteTestNG.java:251)
at org.testng.remote.RemoteTestNG.main(RemoteTestNG.java:77)
]]>
            </full-stacktrace>
          </exception> <!-- java.lang.IllegalArgumentException -->
          <reporter-output>
          </reporter-output>
        </test-method> <!-- loginToOrangeHRM -->
        <test-method status="PASS" signature="tearDown()[pri:0, instance:homewoks.DataProviderrangeHRM@51cdd8a]" name="tearDown" is-config="true" duration-ms="677" started-at="2020-08-20T22:11:42 PDT" finished-at="2020-08-20T22:11:42 PDT">
          <reporter-output>
          </reporter-output>
        </test-method> <!-- tearDown -->
      </class> <!-- homewoks.DataProviderrangeHRM -->
    </test> <!-- Default test -->
  </suite> <!-- Default suite -->
</testng-results>
