<?xml version="1.0" encoding="UTF-8"?>
<testng-results skipped="0" failed="0" ignored="0" total="1" passed="1">
  <reporter-output>
  </reporter-output>
  <suite name="Suite" duration-ms="10982" started-at="2020-08-24T21:29:59 PDT" finished-at="2020-08-24T21:30:10 PDT">
    <groups>
    </groups>
    <test name="Test" duration-ms="10982" started-at="2020-08-24T21:29:59 PDT" finished-at="2020-08-24T21:30:10 PDT">
      <class name="com.testNG.orangeHRM">
        <test-method status="PASS" signature="launchApp()[pri:0, instance:com.testNG.orangeHRM@23faf8f2]" name="launchApp" is-config="true" duration-ms="8181" started-at="2020-08-24T21:29:59 PDT" finished-at="2020-08-24T21:30:07 PDT">
          <reporter-output>
          </reporter-output>
        </test-method> <!-- launchApp -->
        <test-method status="PASS" signature="login()[pri:0, instance:com.testNG.orangeHRM@23faf8f2]" name="login" duration-ms="2090" started-at="2020-08-24T21:30:07 PDT" finished-at="2020-08-24T21:30:10 PDT">
          <reporter-output>
          </reporter-output>
        </test-method> <!-- login -->
        <test-method status="PASS" signature="closeApp()[pri:0, instance:com.testNG.orangeHRM@23faf8f2]" name="closeApp" is-config="true" duration-ms="650" started-at="2020-08-24T21:30:10 PDT" finished-at="2020-08-24T21:30:10 PDT">
          <reporter-output>
          </reporter-output>
        </test-method> <!-- closeApp -->
      </class> <!-- com.testNG.orangeHRM -->
    </test> <!-- Test -->
  </suite> <!-- Suite -->
</testng-results>
