<?xml version="1.0" encoding="UTF-8"?>
<!-- Generated by org.testng.reporters.JUnitXMLReporter -->
<testsuite hostname="LAPTOP-R9L8EI3K" ignored="0" name="Test" tests="6" failures="0" timestamp="2020-08-18T10:22:47 PDT" time="0.209" errors="0">
  <testcase name="testcase4" time="0.026" classname="com.testNG.parallelExecution1"/>
  <testcase name="testcase1" time="0.026" classname="com.testNG.parallelExecution"/>
  <testcase name="testcase2" time="0.005" classname="com.testNG.parallelExecution"/>
  <testcase name="testcase5" time="0.008" classname="com.testNG.parallelExecution1"/>
  <testcase name="testcase6" time="0.004" classname="com.testNG.parallelExecution1"/>
  <testcase name="testcase3" time="0.022" classname="com.testNG.parallelExecution"/>
</testsuite> <!-- Test -->
